<?xml version="1.0" encoding="utf-8"?><testsuites name="pytest tests"><testsuite name="pytest" errors="0" failures="0" skipped="0" tests="10" time="3.495" timestamp="2026-08-25T04:53:14.301339+00:00" hostname="agent-env-4175d6e6-6f20-4f81-815f-347ae8e50fb7"><testcase classname="tests.test_admin.TestAdminCRUD" name="test_full_admin_flow" time="2.585" /><testcase classname="tests.test_admin.TestAdminRBAC" name="test_qc_cannot_create_product" time="0.738" /><testcase classname="tests.test_admin.TestAdminRBAC" name="test_qc_cannot_update_product" time="0.538" /><testcase classname="tests.test_admin.TestAdminRBAC" name="test_qc_cannot_add_checklist_item" time="0.257" /><testcase classname="tests.test_admin.TestAdminRBAC" name="test_qc_cannot_update_or_delete_item" time="0.254" /><testcase classname="tests.test_admin.TestAdminRBAC" name="test_qc_cannot_add_ccp" time="0.232" /><testcase classname="tests.test_admin.TestAdminRBAC" name="test_qc_cannot_update_or_delete_ccp" time="0.282" /><testcase classname="tests.test_admin.TestAdminRBAC" name="test_include_inactive_admin_only" time="0.202" /><testcase classname="tests.test_admin.TestAdminCRUD" name="test_duplicate_product_code_conflict" time="0.193" /><testcase classname="tests.test_admin.TestAdminCRUD" name="test_404_on_missing_item_or_ccp" time="0.381" /></testsuite></testsuites>