<?xml version="1.0" encoding="utf-8"?><testsuites name="pytest tests"><testsuite name="pytest" errors="0" failures="0" skipped="0" tests="11" time="3.984" timestamp="2026-08-26T05:10:45.015070+00:00" hostname="agent-env-4175d6e6-6f20-4f81-815f-347ae8e50fb7"><testcase classname="tests.test_pdf_export_pytest" name="test_reports_daily_shape_admin" time="0.566" /><testcase classname="tests.test_pdf_export_pytest" name="test_reports_daily_scope_qc" time="0.442" /><testcase classname="tests.test_pdf_export_pytest" name="test_dashboard_stats_unaffected" time="0.158" /><testcase classname="tests.test_pdf_export_pytest" name="test_inspections_crud_unaffected" time="0.115" /><testcase classname="tests.test_pdf_export_pytest" name="test_admin_pdf_photo_count_matches_inspection_photos" time="0.956" /><testcase classname="tests.test_pdf_export_pytest" name="test_shared_pdf_inline_no_auth" time="0.376" /><testcase classname="tests.test_pdf_export_pytest" name="test_shared_pdf_download_attachment" time="0.272" /><testcase classname="tests.test_pdf_export_pytest" name="test_shared_invalid_token_returns_404" time="0.107" /><testcase classname="tests.test_pdf_export_pytest" name="test_qc_pdf_generated" time="0.234" /><testcase classname="tests.test_pdf_export_pytest" name="test_qc_pdf_publicly_downloadable" time="0.228" /><testcase classname="tests.test_pdf_export_pytest" name="test_exports_scoping" time="0.205" /></testsuite></testsuites>