<?xml version="1.0" encoding="utf-8"?><testsuites name="pytest tests"><testsuite name="pytest" errors="0" failures="0" skipped="0" tests="22" time="5.754" timestamp="2026-08-25T04:25:13.892442+00:00" hostname="agent-env-4175d6e6-6f20-4f81-815f-347ae8e50fb7"><testcase classname="tests.test_backend.TestAuth" name="test_login_qc" time="0.439" /><testcase classname="tests.test_backend.TestAuth" name="test_login_admin" time="0.421" /><testcase classname="tests.test_backend.TestAuth" name="test_login_bad" time="0.445" /><testcase classname="tests.test_backend.TestAuth" name="test_register_public_qc_role" time="0.341" /><testcase classname="tests.test_backend.TestAuth" name="test_me_requires_auth" time="0.128" /><testcase classname="tests.test_backend.TestInspectionFlow" name="test_create_snapshots_checklist" time="1.857" /><testcase classname="tests.test_backend.TestInspectionFlow" name="test_numeric_pass" time="0.363" /><testcase classname="tests.test_backend.TestAuth" name="test_me_returns_user" time="0.482" /><testcase classname="tests.test_backend.TestInspectionFlow" name="test_numeric_fail" time="0.245" /><testcase classname="tests.test_backend.TestProducts" name="test_list" time="0.125" /><testcase classname="tests.test_backend.TestProducts" name="test_search" time="0.100" /><testcase classname="tests.test_backend.TestInspectionFlow" name="test_ccp_reading_pass_and_append" time="0.728" /><testcase classname="tests.test_backend.TestProducts" name="test_checklist" time="0.226" /><testcase classname="tests.test_backend.TestProducts" name="test_get_product_404" time="0.132" /><testcase classname="tests.test_backend.TestInspectionFlow" name="test_submit_computes_fail_and_locks" time="0.765" /><testcase classname="tests.test_backend.TestRoleScoping" name="test_admin_sees_qc_inspection" time="1.124" /><testcase classname="tests.test_backend.TestInspectionFlow" name="test_submit_pass_when_all_pass" time="0.476" /><testcase classname="tests.test_backend.TestRoleScoping" name="test_qc_cannot_see_others" time="1.149" /><testcase classname="tests.test_backend.TestUpload" name="test_upload_and_fetch" time="0.830" /><testcase classname="tests.test_backend.TestReports" name="test_dashboard_today" time="0.127" /><testcase classname="tests.test_backend.TestReports" name="test_daily_report" time="0.138" /><testcase classname="tests.test_backend.TestUpload" name="test_files_requires_auth" time="0.094" /></testsuite></testsuites>